This is pdfTeX, Version 3.1415926-1.40.10 (MiKTeX 2.8) (preloaded format=latex 2010.11.15)  15 NOV 2010 11:31
entering extended mode
**cwt1937.tex
(D:\ias\uasr-data\cwt1937\common\info\cwt1937.tex
LaTeX2e <2009/09/24>
Babel <v3.8l> and hyphenation patterns for english, dumylang, nohyphenation, ge
rman, ngerman, german-x-2009-06-19, ngerman-x-2009-06-19, french, loaded.
("C:\Program Files\MiKTeX 2.8\tex\latex\base\report.cls"
Document Class: report 2007/10/19 v1.4h Standard LaTeX document class
("C:\Program Files\MiKTeX 2.8\tex\latex\base\size10.clo"
File: size10.clo 2007/10/19 v1.4h Standard LaTeX file (size option)
)
\c@part=\count79
\c@chapter=\count80
\c@section=\count81
\c@subsection=\count82
\c@subsubsection=\count83
\c@paragraph=\count84
\c@subparagraph=\count85
\c@figure=\count86
\c@table=\count87
\abovecaptionskip=\skip41
\belowcaptionskip=\skip42
\bibindent=\dimen102
)
("C:\Program Files\MiKTeX 2.8\tex\latex\ams\math\amsmath.sty"
Package: amsmath 2000/07/18 v2.13 AMS math features
\@mathmargin=\skip43

For additional information on amsmath, use the `?' option.
("C:\Program Files\MiKTeX 2.8\tex\latex\ams\math\amstext.sty"
Package: amstext 2000/06/29 v2.01

("C:\Program Files\MiKTeX 2.8\tex\latex\ams\math\amsgen.sty"
File: amsgen.sty 1999/11/30 v2.0
\@emptytoks=\toks14
\ex@=\dimen103
))
("C:\Program Files\MiKTeX 2.8\tex\latex\ams\math\amsbsy.sty"
Package: amsbsy 1999/11/29 v1.2d
\pmbraise@=\dimen104
)
("C:\Program Files\MiKTeX 2.8\tex\latex\ams\math\amsopn.sty"
Package: amsopn 1999/12/14 v2.01 operator names
)
\inf@bad=\count88
LaTeX Info: Redefining \frac on input line 211.
\uproot@=\count89
\leftroot@=\count90
LaTeX Info: Redefining \overline on input line 307.
\classnum@=\count91
\DOTSCASE@=\count92
LaTeX Info: Redefining \ldots on input line 379.
LaTeX Info: Redefining \dots on input line 382.
LaTeX Info: Redefining \cdots on input line 467.
\Mathstrutbox@=\box26
\strutbox@=\box27
\big@size=\dimen105
LaTeX Font Info:    Redeclaring font encoding OML on input line 567.
LaTeX Font Info:    Redeclaring font encoding OMS on input line 568.
\macc@depth=\count93
\c@MaxMatrixCols=\count94
\dotsspace@=\muskip10
\c@parentequation=\count95
\dspbrk@lvl=\count96
\tag@help=\toks15
\row@=\count97
\column@=\count98
\maxfields@=\count99
\andhelp@=\toks16
\eqnshift@=\dimen106
\alignsep@=\dimen107
\tagshift@=\dimen108
\tagwidth@=\dimen109
\totwidth@=\dimen110
\lineht@=\dimen111
\@envbody=\toks17
\multlinegap=\skip44
\multlinetaggap=\skip45
\mathdisplay@stack=\toks18
LaTeX Info: Redefining \[ on input line 2666.
LaTeX Info: Redefining \] on input line 2667.
)
("C:\Program Files\MiKTeX 2.8\tex\latex\amsfonts\amssymb.sty"
Package: amssymb 2009/06/22 v3.00

("C:\Program Files\MiKTeX 2.8\tex\latex\amsfonts\amsfonts.sty"
Package: amsfonts 2009/06/22 v3.00 Basic AMSFonts support
\symAMSa=\mathgroup4
\symAMSb=\mathgroup5
LaTeX Font Info:    Overwriting math alphabet `\mathfrak' in version `bold'
(Font)                  U/euf/m/n --> U/euf/b/n on input line 96.
))
(C:\Users\wolff\AppData\Roaming\MiKTeX\2.8\tex\latex\stmaryrd\stmaryrd.sty
Package: stmaryrd 1994/03/03 St Mary's Road symbol package
\symstmry=\mathgroup6
LaTeX Font Info:    Overwriting symbol font `stmry' in version `bold'
(Font)                  U/stmry/m/n --> U/stmry/b/n on input line 89.
)
("C:\Program Files\MiKTeX 2.8\tex\latex\multirow\multirow.sty"
\bigstrutjot=\dimen112
)
("C:\Program Files\MiKTeX 2.8\tex\latex\graphics\color.sty"
Package: color 2005/11/14 v1.0j Standard LaTeX Color (DPC)

("C:\Program Files\MiKTeX 2.8\tex\latex\00miktex\color.cfg"
File: color.cfg 2007/01/18 v1.5 color configuration of teTeX/TeXLive
)
Package color Info: Driver file: dvips.def on input line 130.

("C:\Program Files\MiKTeX 2.8\tex\latex\graphics\dvips.def"
File: dvips.def 1999/02/16 v3.0i Driver-dependant file (DPC,SPQR)
)
("C:\Program Files\MiKTeX 2.8\tex\latex\graphics\dvipsnam.def"
File: dvipsnam.def 1999/02/16 v3.0i Driver-dependant file (DPC,SPQR)
))
("C:\Program Files\MiKTeX 2.8\tex\latex\german\german.sty" v2.5e 1998-07-08
Package: german 1998/07/08 v2.5e Support for writing german texts (br)
\grmnU@D=\dimen113
german -- \language number for Austrian undefined, default 3 used.
)
("C:\Program Files\MiKTeX 2.8\tex\latex\graphics\epsfig.sty"
Package: epsfig 1999/02/16 v1.7a (e)psfig emulation (SPQR)

("C:\Program Files\MiKTeX 2.8\tex\latex\graphics\graphicx.sty"
Package: graphicx 1999/02/16 v1.0f Enhanced LaTeX Graphics (DPC,SPQR)

("C:\Program Files\MiKTeX 2.8\tex\latex\graphics\keyval.sty"
Package: keyval 1999/03/16 v1.13 key=value parser (DPC)
\KV@toks@=\toks19
)
("C:\Program Files\MiKTeX 2.8\tex\latex\graphics\graphics.sty"
Package: graphics 2009/02/05 v1.0o Standard LaTeX Graphics (DPC,SPQR)

("C:\Program Files\MiKTeX 2.8\tex\latex\graphics\trig.sty"
Package: trig 1999/03/16 v1.09 sin cos tan (DPC)
)
("C:\Program Files\MiKTeX 2.8\tex\latex\00miktex\graphics.cfg"
File: graphics.cfg 2007/01/18 v1.5 graphics configuration of teTeX/TeXLive
)
Package graphics Info: Driver file: dvips.def on input line 91.
)
\Gin@req@height=\dimen114
\Gin@req@width=\dimen115
)
\epsfxsize=\dimen116
\epsfysize=\dimen117
)
("C:\Program Files\MiKTeX 2.8\tex\latex\subfigure\subfigure.sty"
Package: subfigure 2002/07/30 v2.1.4 subfigure package
\subfigtopskip=\skip46
\subfigcapskip=\skip47
\subfigcaptopadj=\dimen118
\subfigbottomskip=\skip48
\subfigcapmargin=\dimen119
\subfiglabelskip=\skip49
\c@subfigure=\count100
\c@lofdepth=\count101
\c@subtable=\count102
\c@lotdepth=\count103

****************************************
* Local config file subfigure.cfg used *
****************************************
("C:\Program Files\MiKTeX 2.8\tex\latex\subfigure\subfigure.cfg")
\subfig@top=\skip50
\subfig@bottom=\skip51
)
("C:\Program Files\MiKTeX 2.8\tex\latex\booktabs\booktabs.sty"
Package: booktabs 2005/04/14 v1.61803 publication quality tables
\heavyrulewidth=\dimen120
\lightrulewidth=\dimen121
\cmidrulewidth=\dimen122
\belowrulesep=\dimen123
\belowbottomsep=\dimen124
\aboverulesep=\dimen125
\abovetopsep=\dimen126
\cmidrulesep=\dimen127
\cmidrulekern=\dimen128
\defaultaddspace=\dimen129
\@cmidla=\count104
\@cmidlb=\count105
\@aboverulesep=\dimen130
\@belowrulesep=\dimen131
\@thisruleclass=\count106
\@lastruleclass=\count107
\@thisrulewidth=\dimen132
)
("C:\Program Files\MiKTeX 2.8\tex\latex\base\inputenc.sty"
Package: inputenc 2008/03/30 v1.1d Input encoding file
\inpenc@prehook=\toks20
\inpenc@posthook=\toks21

("C:\Program Files\MiKTeX 2.8\tex\latex\base\ansinew.def"
File: ansinew.def 2008/03/30 v1.1d Input encoding file
))
("C:\Program Files\MiKTeX 2.8\tex\latex\base\fontenc.sty"
Package: fontenc 2005/09/27 v1.99g Standard LaTeX package

("C:\Program Files\MiKTeX 2.8\tex\latex\base\t1enc.def"
File: t1enc.def 2005/09/27 v1.99g Standard LaTeX file
LaTeX Font Info:    Redeclaring font encoding T1 on input line 43.
))
("C:\Program Files\MiKTeX 2.8\tex\latex\listings\listings.sty"
\lst@mode=\count108
\lst@gtempboxa=\box28
\lst@token=\toks22
\lst@length=\count109
\lst@currlwidth=\dimen133
\lst@column=\count110
\lst@pos=\count111
\lst@lostspace=\dimen134
\lst@width=\dimen135
\lst@newlines=\count112
\lst@lineno=\count113
\lst@maxwidth=\dimen136

("C:\Program Files\MiKTeX 2.8\tex\latex\listings\lstmisc.sty"
File: lstmisc.sty 2007/02/22 1.4 (Carsten Heinz)
\c@lstnumber=\count114
\lst@skipnumbers=\count115
\lst@framebox=\box29
)
("C:\Program Files\MiKTeX 2.8\tex\latex\listings\listings.cfg"
File: listings.cfg 2007/02/22 1.4 listings configuration
))
Package: listings 2007/02/22 1.4 (Carsten Heinz)


LaTeX Warning: Unused global option(s):
    [color].

(D:\ias\uasr-data\cwt1937\common\info\cwt1937.aux

LaTeX Warning: Label `fig:ccc' multiply defined.


LaTeX Warning: Label `fig:ccc' multiply defined.

)
LaTeX Font Info:    Checking defaults for OML/cmm/m/it on input line 12.
LaTeX Font Info:    ... okay on input line 12.
LaTeX Font Info:    Checking defaults for T1/cmr/m/n on input line 12.
LaTeX Font Info:    ... okay on input line 12.
LaTeX Font Info:    Checking defaults for OT1/cmr/m/n on input line 12.
LaTeX Font Info:    ... okay on input line 12.
LaTeX Font Info:    Checking defaults for OMS/cmsy/m/n on input line 12.
LaTeX Font Info:    ... okay on input line 12.
LaTeX Font Info:    Checking defaults for OMX/cmex/m/n on input line 12.
LaTeX Font Info:    ... okay on input line 12.
LaTeX Font Info:    Checking defaults for U/cmr/m/n on input line 12.
LaTeX Font Info:    ... okay on input line 12.
\c@lstlisting=\count116
LaTeX Font Info:    Try loading font information for U+msa on input line 16.
 ("C:\Program Files\MiKTeX 2.8\tex\latex\amsfonts\umsa.fd"
File: umsa.fd 2009/06/22 v3.00 AMS symbols A
)
LaTeX Font Info:    Try loading font information for U+msb on input line 16.

("C:\Program Files\MiKTeX 2.8\tex\latex\amsfonts\umsb.fd"
File: umsb.fd 2009/06/22 v3.00 AMS symbols B
)
LaTeX Font Info:    Try loading font information for U+stmry on input line 16.

(C:\Users\wolff\AppData\Roaming\MiKTeX\2.8\tex\latex\stmaryrd\ustmry.fd)
[1

] (D:\ias\uasr-data\cwt1937\common\info\cwt1937.toc)
\tf@toc=\write3
 [1

]
Kapitel 1.
LaTeX Font Info:    Try loading font information for T1+cmtt on input line 25.
("C:\Program Files\MiKTeX 2.8\tex\latex\base\t1cmtt.fd"
File: t1cmtt.fd 1999/05/25 v2.5h Standard LaTeX font definitions
)
Overfull \hbox (11.91284pt too wide) in paragraph at lines 47--47
[]\T1/cmtt/m/n/10 |- common                     :   Gemeinsame Daten und Einste
llungen[] 
 []


Overfull \hbox (64.40002pt too wide) in paragraph at lines 47--47
[]\T1/cmtt/m/n/10 |  |- fea.son                 :     Referenzmerkmale (aus Spe
ktrogrammdateien)[] 
 []


Overfull \hbox (32.90771pt too wide) in paragraph at lines 47--47
[]\T1/cmtt/m/n/10 |  |- fea.tme                 :     Referenzmerkmale (aus Sig
naldateien)[] 
 []


Overfull \hbox (85.3949pt too wide) in paragraph at lines 47--47
[]\T1/cmtt/m/n/10 |  |- info                    :     Konfigurations- und Defin
itionsdateien      1)[] 
 []


Overfull \hbox (85.3949pt too wide) in paragraph at lines 47--47
[]\T1/cmtt/m/n/10 |  |- log.son                 :     Referenzergebnisse (CCC-E
rkenner)           2)[] 
 []


Overfull \hbox (85.3949pt too wide) in paragraph at lines 47--47
[]\T1/cmtt/m/n/10 |  '- log.tme                 :     Referenzergebnisse (CCC-E
rkenner)           3)[] 
 []


Overfull \hbox (53.90259pt too wide) in paragraph at lines 47--47
[]\T1/cmtt/m/n/10 |- FEAFUS                     :   Spektrogramm-Fusion der Sen
soren AH und BH[] 
 []


Overfull \hbox (85.3949pt too wide) in paragraph at lines 47--47
[]\T1/cmtt/m/n/10 |  |- info                    :     Konfigurations- und Defin
itionsdateien      4)[] 
 []


Overfull \hbox (85.3949pt too wide) in paragraph at lines 47--47
[]\T1/cmtt/m/n/10 |  |- log.son                 :     Referenzergebnisse (HMM- 
und SVM-Erkenner)  2)[] 
 []


Overfull \hbox (85.3949pt too wide) in paragraph at lines 47--47
[]\T1/cmtt/m/n/10 |  '- log.tme                 :     Referenzergebnisse (HMM- 
und SVM-Erkenner)  3)[] 
 []


Overfull \hbox (27.659pt too wide) in paragraph at lines 47--47
[]\T1/cmtt/m/n/10 1) Konfigurationen für Merkmalextraktion und -import sowie CC
C-Erkenner[] 
 []

[2

]
Kapitel 2.

Overfull \hbox (81.92941pt too wide) in paragraph at lines 62--69
[][] 
 []

[3

]
File: figures/ccc_son.eps Graphic file (type eps)
 <figures/ccc_son.eps>
File: figures/ccc_tme.eps Graphic file (type eps)
 <figures/ccc_tme.eps>
Underfull \hbox (badness 10000) in paragraph at lines 128--128
[][]\T1/cmr/m/n/10 Abbildung 2.1: Re-fe-ren-zer-ge-nis CCC-Klassifikator
 []


LaTeX Warning: `h' float specifier changed to `ht'.

File: figures/hmm_son.eps Graphic file (type eps)
<figures/hmm_son.eps>
File: figures/hmm_tme.eps Graphic file (type eps)
 <figures/hmm_tme.eps>
Underfull \hbox (badness 10000) in paragraph at lines 156--156
[][]\T1/cmr/m/n/10 Abbildung 2.2: Re-fe-ren-zer-ge-nis HMM-Klassifikator
 []


LaTeX Warning: `h' float specifier changed to `ht'.

File: figures/svm_son.eps Graphic file (type eps)
<figures/svm_son.eps>
File: figures/svm_tme.eps Graphic file (type eps)
 <figures/svm_tme.eps>
Underfull \hbox (badness 10000) in paragraph at lines 184--184
[][]\T1/cmr/m/n/10 Abbildung 2.3: Re-fe-ren-zer-ge-nis SVM-Klassifikator
 []


LaTeX Warning: `h' float specifier changed to `ht'.

[4] [5] [6] [7]
Kapitel 3.
(D:\ias\uasr-data\cwt1937\common\info\cwt1937.itp
Overfull \hbox (34.22353pt too wide) in paragraph at lines 53--54
[][][][][][][][][][][][][][][] 
 []

[8

]) (D:\ias\uasr-data\cwt1937\common\info\classes.txt)
(D:\ias\uasr-data\cwt1937\common\info\sensors.txt)
(D:\ias\uasr-data\cwt1937\FEAFUS\info\classes.txt)
(D:\ias\uasr-data\cwt1937\common\info\feaana.cfg [9])
(D:\ias\uasr-data\cwt1937\common\info\feaimp.cfg)
(D:\ias\uasr-data\cwt1937\common\info\ccc.cfg [10]
Overfull \hbox (5.54276pt too wide) in paragraph at lines 21--22
[][][][][][][][][][][][][][][][][][][][][][][][][][][][][][][][][][][][][][][] 

 []


Overfull \hbox (5.54276pt too wide) in paragraph at lines 22--23
[][][][][][][][][][][][][][][][][][][][][][][][][][][][][][][][][][][][][][][][
][] 
 []


Overfull \hbox (5.54276pt too wide) in paragraph at lines 23--24
[][][][][][][][][][][][][][][][][][][][][][][][][][][][][][][][][][][][][][][][
][] 
 []


Overfull \hbox (5.54276pt too wide) in paragraph at lines 24--25
[][][][][][][][][][][][][][][][][][][][][][][][][][][][][][][][][][][][][][][] 

 []


Overfull \hbox (5.54276pt too wide) in paragraph at lines 25--26
[][][][][][][][][][][][][][][][][][][][][][][][][][][][][][][][][][][][][][][] 

 []


Overfull \hbox (5.54276pt too wide) in paragraph at lines 27--28
[][][][][][][][][][][][][][][][][][][][][][][][][][][][][][][][][][][][][][][] 

 []


Overfull \hbox (5.54276pt too wide) in paragraph at lines 28--29
[][][][][][][][][][][][][][][][][][][][][][][][][][][][][][][][][][][][][][][][
][] 
 []


Overfull \hbox (5.54276pt too wide) in paragraph at lines 29--30
[][][][][][][][][][][][][][][][][][][][][][][][][][][][][][][][][][][][][][][] 

 []


Overfull \hbox (5.54276pt too wide) in paragraph at lines 30--31
[][][][][][][][][][][][][][][][][][][][][][][][][][][][][][][][][][][][][][][] 

 []


Overfull \hbox (5.54276pt too wide) in paragraph at lines 31--33
[][][][][][][][][][][][][][][][][][][][][][][][][][][][][][][][][][][][][][][][
][][][] 
 []

) (D:\ias\uasr-data\cwt1937\FEAFUS\info\hmm.cfg)
(D:\ias\uasr-data\cwt1937\FEAFUS\info\svm.cfg [11])
(D:\ias\uasr-data\cwt1937\common\flists\all.flst [12] [13] [14] [15] [16]
[17] [18]) (D:\ias\uasr-data\cwt1937\common\flists\xval.flst [19] [20] [21]
[22] [23] [24] [25]) [26] (D:\ias\uasr-data\cwt1937\common\info\cwt1937.aux)

LaTeX Warning: There were multiply-defined labels.

 ) 
Here is how much of TeX's memory you used:
 4171 strings out of 495270
 52803 string characters out of 3180186
 171949 words of memory out of 3000000
 7278 multiletter control sequences out of 15000+200000
 21850 words of font info for 61 fonts, out of 3000000 for 9000
 14 hyphenation exceptions out of 8191
 32i,6n,32p,233b,1605s stack positions out of 5000i,500n,10000p,200000b,50000s

Output written on cwt1937.dvi (27 pages, 172560 bytes).
